<?xml version="1.0" encoding="UTF-8"?>
<!-- Generated by org.testng.reporters.JUnitReportReporter -->
<testsuite hostname="Debasispc" failures="0" tests="2" name="testRunner.TestRunner" time="86.859" errors="0" timestamp="11 Oct 2019 06:52:15 GMT">
  <testcase classname="testRunner.TestRunner" name="feature" time="16.384"/>
  <testcase classname="testRunner.TestRunner" name="feature" time="70.475"/>
</testsuite> <!-- testRunner.TestRunner -->
